<?xml version="1.0" encoding="UTF-8"?>
<testsuite name="equipe10.AppTest" time="0.705" tests="1" errors="0" skipped="0" failures="1">
  <properties>
    <property name="java.runtime.name" value="Java(TM) SE Runtime Environment"/>
    <property name="sun.boot.library.path" value="C:\Program Files\Java\jdk1.8.0_45\jre\bin"/>
    <property name="java.vm.version" value="25.45-b02"/>
    <property name="java.vm.vendor" value="Oracle Corporation"/>
    <property name="maven.multiModuleProjectDirectory" value="C:\Users\NoteSamsung\Documents\NetBeansProjects\cesmaccloud"/>
    <property name="java.vendor.url" value="http://java.oracle.com/"/>
    <property name="path.separator" value=";"/>
    <property name="guice.disable.misplaced.annotation.check" value="true"/>
    <property name="java.vm.name" value="Java HotSpot(TM) 64-Bit Server VM"/>
    <property name="file.encoding.pkg" value="sun.io"/>
    <property name="user.script" value=""/>
    <property name="user.country" value="BR"/>
    <property name="sun.java.launcher" value="SUN_STANDARD"/>
    <property name="sun.os.patch.level" value=""/>
    <property name="java.vm.specification.name" value="Java Virtual Machine Specification"/>
    <property name="user.dir" value="C:\Users\NoteSamsung\Documents\NetBeansProjects\cesmaccloud"/>
    <property name="java.runtime.version" value="1.8.0_45-b15"/>
    <property name="java.awt.graphicsenv" value="sun.awt.Win32GraphicsEnvironment"/>
    <property name="java.endorsed.dirs" value="C:\Program Files\Java\jdk1.8.0_45\jre\lib\endorsed"/>
    <property name="os.arch" value="amd64"/>
    <property name="java.io.tmpdir" value="C:\Users\NOTESA~1\AppData\Local\Temp\"/>
    <property name="line.separator" value="&#10;"/>
    <property name="java.vm.specification.vendor" value="Oracle Corporation"/>
    <property name="user.variant" value=""/>
    <property name="os.name" value="Windows 8.1"/>
    <property name="classworlds.conf" value="C:\apache-maven-3.3.9-bin\bin\..\bin\m2.conf"/>
    <property name="sun.jnu.encoding" value="Cp1252"/>
    <property name="java.library.path" value="C:\Program Files\Java\jdk1.8.0_45\bin;C:\WINDOWS\Sun\Java\bin;C:\WINDOWS\system32;C:\WINDOWS;C:\Program Files (x86)\Common Files\Intel\Shared Files\cpp\bin\Intel64;C:\ProgramData\Oracle\Java\javapath;C:\Program Files (x86)\NVIDIA Corporation\PhysX\Common;C:\Program Files (x86)\Intel\iCLS Client\;C:\Program Files\Intel\iCLS Client\;C:\WINDOWS\system32;C:\WINDOWS;C:\WINDOWS\System32\Wbem;C:\WINDOWS\System32\WindowsPowerShell\v1.0\;C:\Program Files\Intel\Intel(R) Management Engine Components\DAL;C:\Program Files\Intel\Intel(R) Management Engine Components\IPT;C:\Program Files (x86)\Intel\Intel(R) Management Engine Components\DAL;C:\Program Files (x86)\Intel\Intel(R) Management Engine Components\IPT;C:\Program Files\Samsung\AllShare Framework DMS\1.3.23\;C:\Program Files\Samsung\AllShare Framework DMS\1.3.23\64bit\;C:\Program Files\TortoiseSVN\bin;C:\xampp\php;C:\ProgramData\ComposerSetup\bin;C:\Program Files\MongoDB\Server\3.0\bin;C:\Program Files\TortoiseGit\bin;C:\Program Files (x86)\Skype\Phone\;C:\Program Files\nodejs\;C:\apache-maven-3.3.9-bin\bin;C:\HashiCorp\Vagrant\bin;C:\Program Files (x86)\Git\bin;C:\Program Files (x86)\Git\cmd;C:\xampp\mysql\bin;C:\Program Files\Java\jdk1.8.0_45\bin;C:\Users\NoteSamsung\AppData\Roaming\npm;C:\Program Files\Docker Toolbox;."/>
    <property name="java.specification.name" value="Java Platform API Specification"/>
    <property name="java.class.version" value="52.0"/>
    <property name="sun.management.compiler" value="HotSpot 64-Bit Tiered Compilers"/>
    <property name="os.version" value="6.3"/>
    <property name="user.home" value="C:\Users\NoteSamsung"/>
    <property name="user.timezone" value="GMT-03:00"/>
    <property name="java.awt.printerjob" value="sun.awt.windows.WPrinterJob"/>
    <property name="java.specification.version" value="1.8"/>
    <property name="file.encoding" value="Cp1252"/>
    <property name="user.name" value="NoteSamsung"/>
    <property name="java.class.path" value="C:\apache-maven-3.3.9-bin\bin\..\boot\plexus-classworlds-2.5.2.jar"/>
    <property name="java.vm.specification.version" value="1.8"/>
    <property name="sun.arch.data.model" value="64"/>
    <property name="java.home" value="C:\Program Files\Java\jdk1.8.0_45\jre"/>
    <property name="sun.java.command" value="org.codehaus.plexus.classworlds.launcher.Launcher install"/>
    <property name="java.specification.vendor" value="Oracle Corporation"/>
    <property name="user.language" value="pt"/>
    <property name="awt.toolkit" value="sun.awt.windows.WToolkit"/>
    <property name="java.vm.info" value="mixed mode"/>
    <property name="java.version" value="1.8.0_45"/>
    <property name="java.ext.dirs" value="C:\Program Files\Java\jdk1.8.0_45\jre\lib\ext;C:\WINDOWS\Sun\Java\lib\ext"/>
    <property name="sun.boot.class.path" value="C:\Program Files\Java\jdk1.8.0_45\jre\lib\resources.jar;C:\Program Files\Java\jdk1.8.0_45\jre\lib\rt.jar;C:\Program Files\Java\jdk1.8.0_45\jre\lib\sunrsasign.jar;C:\Program Files\Java\jdk1.8.0_45\jre\lib\jsse.jar;C:\Program Files\Java\jdk1.8.0_45\jre\lib\jce.jar;C:\Program Files\Java\jdk1.8.0_45\jre\lib\charsets.jar;C:\Program Files\Java\jdk1.8.0_45\jre\lib\jfr.jar;C:\Program Files\Java\jdk1.8.0_45\jre\classes"/>
    <property name="sun.stderr.encoding" value="cp850"/>
    <property name="java.vendor" value="Oracle Corporation"/>
    <property name="maven.home" value="C:\apache-maven-3.3.9-bin\bin\.."/>
    <property name="file.separator" value="\"/>
    <property name="java.vendor.url.bug" value="http://bugreport.sun.com/bugreport/"/>
    <property name="sun.cpu.endian" value="little"/>
    <property name="sun.io.unicode.encoding" value="UnicodeLittle"/>
    <property name="sun.stdout.encoding" value="cp850"/>
    <property name="sun.desktop" value="windows"/>
    <property name="sun.cpu.isalist" value="amd64"/>
  </properties>
  <testcase name="index" classname="equipe10.AppTest" time="0.705">
    <failure message="expected:&lt;200&gt; but was:&lt;404&gt;" type="java.lang.AssertionError"><![CDATA[java.lang.AssertionError: expected:<200> but was:<404>
	at org.junit.Assert.fail(Assert.java:88)
	at org.junit.Assert.failNotEquals(Assert.java:743)
	at org.junit.Assert.assertEquals(Assert.java:118)
	at org.junit.Assert.assertEquals(Assert.java:555)
	at org.junit.Assert.assertEquals(Assert.java:542)
	at org.jooby.test.Client$Response.expect(Client.java:198)
	at org.jooby.test.Client$Request.expect(Client.java:89)
	at equipe10.AppTest.index(AppTest.java:13)
]]></failure>
    <system-out><![CDATA[[2016-04-16 15:31:25,528]-[main] INFO  equipe10.App - [dev@netty]: Server started in 1414ms

  GET    /todos/:id               [*/*]     [*/*]    (/anonymous)
  GET    /todos                   [*/*]     [*/*]    (/anonymous)
  GET    /todos/search/:string    [*/*]     [*/*]    (/anonymous)
  POST   /todos                   [*/*]     [*/*]    (/anonymous)
  DELETE /todos/:id               [*/*]     [*/*]    (/anonymous)

listening on:
  http://localhost:8080/

[2016-04-16 15:31:26,153]-[netty task-3-1] ERROR org.jooby.Err - execution of: GET/ resulted in exception
org.jooby.Err: Not Found(404): /
	at org.jooby.internal.HttpHandlerImpl.lambda$routes$127(HttpHandlerImpl.java:373) ~[jooby-0.16.0.jar:0.16.0]
	at org.jooby.internal.HttpHandlerImpl$$Lambda$70/818967351.handle(Unknown Source) ~[na:na]
	at org.jooby.internal.RouteImpl.handle(RouteImpl.java:103) ~[jooby-0.16.0.jar:0.16.0]
	at org.jooby.internal.RouteChain.next(RouteChain.java:60) ~[jooby-0.16.0.jar:0.16.0]
	at org.jooby.Route$Chain.next(Route.java:1500) ~[jooby-0.16.0.jar:0.16.0]
	at org.jooby.internal.HttpHandlerImpl.handle(HttpHandlerImpl.java:276) ~[jooby-0.16.0.jar:0.16.0]
	at org.jooby.internal.netty.NettyHandler.channelRead0(NettyHandler.java:85) [jooby-netty-0.16.0.jar:0.16.0]
	at io.netty.channel.SimpleChannelInboundHandler.channelRead(SimpleChannelInboundHandler.java:105) [netty-transport-4.1.0.CR3.jar:4.1.0.CR3]
	at io.netty.channel.ChannelHandlerInvokerUtil.invokeChannelReadNow(ChannelHandlerInvokerUtil.java:83) [netty-transport-4.1.0.CR3.jar:4.1.0.CR3]
	at io.netty.channel.DefaultChannelHandlerInvoker$7.run(DefaultChannelHandlerInvoker.java:159) [netty-transport-4.1.0.CR3.jar:4.1.0.CR3]
	at io.netty.util.concurrent.DefaultEventExecutor.run(DefaultEventExecutor.java:56) [netty-common-4.1.0.CR3.jar:4.1.0.CR3]
	at io.netty.util.concurrent.SingleThreadEventExecutor$5.run(SingleThreadEventExecutor.java:742) [netty-common-4.1.0.CR3.jar:4.1.0.CR3]
	at io.netty.util.concurrent.DefaultThreadFactory$DefaultRunnableDecorator.run(DefaultThreadFactory.java:137) [netty-common-4.1.0.CR3.jar:4.1.0.CR3]
	at java.lang.Thread.run(Thread.java:745) [na:1.8.0_45]
]]></system-out>
  </testcase>
</testsuite>